--- File cleaned up by Wampserver on 2026-01-14 07:47 ---
[14-Jan-2026 07:48:18 UTC] PHP Warning:  proc_open(): Command conversion failed in C:\wamp64\scripts\wampserver.lib.php on line 1247
[14-Jan-2026 07:48:18 UTC] PHP Warning:  Trying to access array offset on null in C:\wamp64\scripts\wampserver.lib.php on line 1249
[14-Jan-2026 07:48:18 UTC] PHP Fatal error:  Uncaught TypeError: feof(): Argument #1 ($stream) must be of type resource, null given in C:\wamp64\scripts\wampserver.lib.php:1249
Stack trace:
#0 C:\wamp64\scripts\wampserver.lib.php(1249): feof(NULL)
#1 C:\wamp64\scripts\wampserver.lib.php(1642): proc_open_output('c:/wamp64/bin/p...')
#2 C:\wamp64\www\index.php(166): GetPhpLoadedExtensions('8.5.0', 6)
#3 {main}
  thrown in C:\wamp64\scripts\wampserver.lib.php on line 1249
[14-Jan-2026 08:09:36 UTC] PHP Warning:  proc_open(): Command conversion failed in C:\wamp64\scripts\wampserver.lib.php on line 1247
[14-Jan-2026 08:09:36 UTC] PHP Warning:  Trying to access array offset on null in C:\wamp64\scripts\wampserver.lib.php on line 1249
[14-Jan-2026 08:09:36 UTC] PHP Fatal error:  Uncaught TypeError: feof(): Argument #1 ($stream) must be of type resource, null given in C:\wamp64\scripts\wampserver.lib.php:1249
Stack trace:
#0 C:\wamp64\scripts\wampserver.lib.php(1249): feof(NULL)
#1 C:\wamp64\scripts\wampserver.lib.php(1642): proc_open_output('c:/wamp64/bin/p...')
#2 C:\wamp64\www\index.php(166): GetPhpLoadedExtensions('8.5.0', 6)
#3 {main}
  thrown in C:\wamp64\scripts\wampserver.lib.php on line 1249
[14-Jan-2026 08:10:32 UTC] PHP Warning:  proc_open(): Command conversion failed in C:\wamp64\scripts\wampserver.lib.php on line 1247
[14-Jan-2026 08:10:32 UTC] PHP Warning:  Trying to access array offset on null in C:\wamp64\scripts\wampserver.lib.php on line 1249
[14-Jan-2026 08:10:32 UTC] PHP Fatal error:  Uncaught TypeError: feof(): Argument #1 ($stream) must be of type resource, null given in C:\wamp64\scripts\wampserver.lib.php:1249
Stack trace:
#0 C:\wamp64\scripts\wampserver.lib.php(1249): feof(NULL)
#1 C:\wamp64\scripts\wampserver.lib.php(1642): proc_open_output('c:/wamp64/bin/p...')
#2 C:\wamp64\www\index.php(166): GetPhpLoadedExtensions('8.5.0', 6)
#3 {main}
  thrown in C:\wamp64\scripts\wampserver.lib.php on line 1249
[14-Jan-2026 08:10:55 UTC] PHP Warning:  include_once(../templates/header.php): Failed to open stream: No such file or directory in C:\wamp64\www\SiteDWWM\index.php on line 11
[14-Jan-2026 08:10:55 UTC] PHP Warning:  include_once(): Failed opening '../templates/header.php' for inclusion (include_path='.;C:\php\pear') in C:\wamp64\www\SiteDWWM\index.php on line 11
[14-Jan-2026 08:10:55 UTC] PHP Warning:  include_once(../templates/footer.php): Failed to open stream: No such file or directory in C:\wamp64\www\SiteDWWM\index.php on line 27
[14-Jan-2026 08:10:55 UTC] PHP Warning:  include_once(): Failed opening '../templates/footer.php' for inclusion (include_path='.;C:\php\pear') in C:\wamp64\www\SiteDWWM\index.php on line 27
[14-Jan-2026 08:17:35 UTC] PHP Warning:  include_once(../templates/header.php): Failed to open stream: No such file or directory in C:\wamp64\www\SiteDWWM\index.php on line 11
[14-Jan-2026 08:17:35 UTC] PHP Warning:  include_once(): Failed opening '../templates/header.php' for inclusion (include_path='.;C:\php\pear') in C:\wamp64\www\SiteDWWM\index.php on line 11
[14-Jan-2026 08:17:35 UTC] PHP Warning:  include_once(../templates/footer.php): Failed to open stream: No such file or directory in C:\wamp64\www\SiteDWWM\index.php on line 27
[14-Jan-2026 08:17:35 UTC] PHP Warning:  include_once(): Failed opening '../templates/footer.php' for inclusion (include_path='.;C:\php\pear') in C:\wamp64\www\SiteDWWM\index.php on line 27
[14-Jan-2026 08:18:04 UTC] PHP Warning:  Trying to access array offset on null in C:\wamp64\www\SiteDWWM\index.php on line 3
[14-Jan-2026 08:18:04 UTC] PHP Warning:  include_once(../templates/header.php): Failed to open stream: No such file or directory in C:\wamp64\www\SiteDWWM\index.php on line 11
[14-Jan-2026 08:18:04 UTC] PHP Warning:  include_once(): Failed opening '../templates/header.php' for inclusion (include_path='.;C:\php\pear') in C:\wamp64\www\SiteDWWM\index.php on line 11
[14-Jan-2026 08:18:04 UTC] PHP Warning:  include_once(../templates/footer.php): Failed to open stream: No such file or directory in C:\wamp64\www\SiteDWWM\index.php on line 27
[14-Jan-2026 08:18:04 UTC] PHP Warning:  include_once(): Failed opening '../templates/footer.php' for inclusion (include_path='.;C:\php\pear') in C:\wamp64\www\SiteDWWM\index.php on line 27
[14-Jan-2026 08:20:21 UTC] PHP Warning:  include_once(../templates/header.php): Failed to open stream: No such file or directory in C:\wamp64\www\SiteDWWM\index.php on line 11
[14-Jan-2026 08:20:21 UTC] PHP Warning:  include_once(): Failed opening '../templates/header.php' for inclusion (include_path='.;C:\php\pear') in C:\wamp64\www\SiteDWWM\index.php on line 11
[14-Jan-2026 08:20:21 UTC] PHP Warning:  include_once(../templates/footer.php): Failed to open stream: No such file or directory in C:\wamp64\www\SiteDWWM\index.php on line 27
[14-Jan-2026 08:20:21 UTC] PHP Warning:  include_once(): Failed opening '../templates/footer.php' for inclusion (include_path='.;C:\php\pear') in C:\wamp64\www\SiteDWWM\index.php on line 27
[14-Jan-2026 08:20:33 UTC] PHP Warning:  include_once(../templates/header.php): Failed to open stream: No such file or directory in C:\wamp64\www\SiteDWWM\index.php on line 11
[14-Jan-2026 08:20:33 UTC] PHP Warning:  include_once(): Failed opening '../templates/header.php' for inclusion (include_path='.;C:\php\pear') in C:\wamp64\www\SiteDWWM\index.php on line 11
[14-Jan-2026 08:20:33 UTC] PHP Warning:  include_once(../templates/footer.php): Failed to open stream: No such file or directory in C:\wamp64\www\SiteDWWM\index.php on line 27
[14-Jan-2026 08:20:33 UTC] PHP Warning:  include_once(): Failed opening '../templates/footer.php' for inclusion (include_path='.;C:\php\pear') in C:\wamp64\www\SiteDWWM\index.php on line 27
[14-Jan-2026 08:20:55 UTC] PHP Warning:  proc_open(): Command conversion failed in C:\wamp64\scripts\wampserver.lib.php on line 1247
[14-Jan-2026 08:20:55 UTC] PHP Warning:  Trying to access array offset on null in C:\wamp64\scripts\wampserver.lib.php on line 1249
[14-Jan-2026 08:20:55 UTC] PHP Fatal error:  Uncaught TypeError: feof(): Argument #1 ($stream) must be of type resource, null given in C:\wamp64\scripts\wampserver.lib.php:1249
Stack trace:
#0 C:\wamp64\scripts\wampserver.lib.php(1249): feof(NULL)
#1 C:\wamp64\scripts\wampserver.lib.php(1642): proc_open_output('c:/wamp64/bin/p...')
#2 C:\wamp64\www\index.php(166): GetPhpLoadedExtensions('8.5.0', 6)
#3 {main}
  thrown in C:\wamp64\scripts\wampserver.lib.php on line 1249
[14-Jan-2026 08:33:40 UTC] PHP Warning:  include_once(../templates/header.php): Failed to open stream: No such file or directory in C:\wamp64\www\SiteDWWM\index.php on line 11
[14-Jan-2026 08:33:40 UTC] PHP Warning:  include_once(): Failed opening '../templates/header.php' for inclusion (include_path='.;C:\php\pear') in C:\wamp64\www\SiteDWWM\index.php on line 11
[14-Jan-2026 08:33:40 UTC] PHP Warning:  include_once(../templates/footer.php): Failed to open stream: No such file or directory in C:\wamp64\www\SiteDWWM\index.php on line 27
[14-Jan-2026 08:33:40 UTC] PHP Warning:  include_once(): Failed opening '../templates/footer.php' for inclusion (include_path='.;C:\php\pear') in C:\wamp64\www\SiteDWWM\index.php on line 27
[14-Jan-2026 09:46:20 UTC] PHP Warning:  proc_open(): Command conversion failed in C:\wamp64\scripts\wampserver.lib.php on line 1247
[14-Jan-2026 09:46:20 UTC] PHP Warning:  Trying to access array offset on null in C:\wamp64\scripts\wampserver.lib.php on line 1249
[14-Jan-2026 09:46:20 UTC] PHP Fatal error:  Uncaught TypeError: feof(): Argument #1 ($stream) must be of type resource, null given in C:\wamp64\scripts\wampserver.lib.php:1249
Stack trace:
#0 C:\wamp64\scripts\wampserver.lib.php(1249): feof(NULL)
#1 C:\wamp64\scripts\wampserver.lib.php(1642): proc_open_output('c:/wamp64/bin/p...')
#2 C:\wamp64\www\index.php(166): GetPhpLoadedExtensions('8.5.0', 6)
#3 {main}
  thrown in C:\wamp64\scripts\wampserver.lib.php on line 1249
[14-Jan-2026 09:47:30 UTC] PHP Warning:  include_once(../templates/header.php): Failed to open stream: No such file or directory in C:\wamp64\www\SiteDWWM\index.php on line 11
[14-Jan-2026 09:47:30 UTC] PHP Warning:  include_once(): Failed opening '../templates/header.php' for inclusion (include_path='.;C:\php\pear') in C:\wamp64\www\SiteDWWM\index.php on line 11
[14-Jan-2026 09:47:30 UTC] PHP Warning:  include_once(../templates/footer.php): Failed to open stream: No such file or directory in C:\wamp64\www\SiteDWWM\index.php on line 27
[14-Jan-2026 09:47:30 UTC] PHP Warning:  include_once(): Failed opening '../templates/footer.php' for inclusion (include_path='.;C:\php\pear') in C:\wamp64\www\SiteDWWM\index.php on line 27
[14-Jan-2026 09:48:33 UTC] PHP Warning:  include_once(../templates/header.php): Failed to open stream: No such file or directory in C:\wamp64\www\SiteDWWM\index.php on line 11
[14-Jan-2026 09:48:33 UTC] PHP Warning:  include_once(): Failed opening '../templates/header.php' for inclusion (include_path='.;C:\php\pear') in C:\wamp64\www\SiteDWWM\index.php on line 11
[14-Jan-2026 09:48:33 UTC] PHP Warning:  include_once(../templates/footer.php): Failed to open stream: No such file or directory in C:\wamp64\www\SiteDWWM\index.php on line 27
[14-Jan-2026 09:48:33 UTC] PHP Warning:  include_once(): Failed opening '../templates/footer.php' for inclusion (include_path='.;C:\php\pear') in C:\wamp64\www\SiteDWWM\index.php on line 27
[14-Jan-2026 09:48:56 UTC] PHP Warning:  include_once(../templates/header.php): Failed to open stream: No such file or directory in C:\wamp64\www\SiteDWWM\index.php on line 11
[14-Jan-2026 09:48:56 UTC] PHP Warning:  include_once(): Failed opening '../templates/header.php' for inclusion (include_path='.;C:\php\pear') in C:\wamp64\www\SiteDWWM\index.php on line 11
[14-Jan-2026 09:48:56 UTC] PHP Warning:  include_once(../templates/footer.php): Failed to open stream: No such file or directory in C:\wamp64\www\SiteDWWM\index.php on line 27
[14-Jan-2026 09:48:56 UTC] PHP Warning:  include_once(): Failed opening '../templates/footer.php' for inclusion (include_path='.;C:\php\pear') in C:\wamp64\www\SiteDWWM\index.php on line 27
[14-Jan-2026 09:49:55 UTC] PHP Warning:  include_once(../templates/header.php): Failed to open stream: No such file or directory in C:\wamp64\www\SiteDWWM\index.php on line 7
[14-Jan-2026 09:49:55 UTC] PHP Warning:  include_once(): Failed opening '../templates/header.php' for inclusion (include_path='.;C:\php\pear') in C:\wamp64\www\SiteDWWM\index.php on line 7
[14-Jan-2026 09:49:55 UTC] PHP Warning:  include_once(../templates/footer.php): Failed to open stream: No such file or directory in C:\wamp64\www\SiteDWWM\index.php on line 23
[14-Jan-2026 09:49:55 UTC] PHP Warning:  include_once(): Failed opening '../templates/footer.php' for inclusion (include_path='.;C:\php\pear') in C:\wamp64\www\SiteDWWM\index.php on line 23
[14-Jan-2026 09:51:41 UTC] PHP Parse error:  syntax error, unexpected token "}", expecting "," or ";" in C:\wamp64\www\SiteDWWM\templates\header.php on line 28
[14-Jan-2026 09:57:47 UTC] PHP Warning:  include_once(../templates/header.php): Failed to open stream: No such file or directory in C:\wamp64\www\SiteDWWM\formationDWWM.php on line 4
[14-Jan-2026 09:57:47 UTC] PHP Warning:  include_once(): Failed opening '../templates/header.php' for inclusion (include_path='.;C:\php\pear') in C:\wamp64\www\SiteDWWM\formationDWWM.php on line 4
[14-Jan-2026 09:57:47 UTC] PHP Warning:  include_once(../templates/footer.php): Failed to open stream: No such file or directory in C:\wamp64\www\SiteDWWM\formationDWWM.php on line 75
[14-Jan-2026 09:57:47 UTC] PHP Warning:  include_once(): Failed opening '../templates/footer.php' for inclusion (include_path='.;C:\php\pear') in C:\wamp64\www\SiteDWWM\formationDWWM.php on line 75
[15-Jan-2026 09:23:32 UTC] PHP Warning:  Undefined variable $viandes in C:\wamp64\www\exo_form_php\index.php on line 9
[15-Jan-2026 09:23:32 UTC] PHP Warning:  foreach() argument must be of type array|object, null given in C:\wamp64\www\exo_form_php\index.php on line 9
[15-Jan-2026 09:23:32 UTC] PHP Warning:  Undefined variable $garnitures in C:\wamp64\www\exo_form_php\index.php on line 28
[15-Jan-2026 09:23:32 UTC] PHP Warning:  foreach() argument must be of type array|object, null given in C:\wamp64\www\exo_form_php\index.php on line 28
[15-Jan-2026 09:23:32 UTC] PHP Warning:  Undefined variable $choixPains in C:\wamp64\www\exo_form_php\index.php on line 52
[15-Jan-2026 09:23:32 UTC] PHP Warning:  Undefined variable $nom in C:\wamp64\www\exo_form_php\index.php on line 52
[15-Jan-2026 09:23:32 UTC] PHP Warning:  Undefined variable $prix in C:\wamp64\www\exo_form_php\index.php on line 53
[15-Jan-2026 09:23:32 UTC] PHP Warning:  Undefined variable $choixSauces in C:\wamp64\www\exo_form_php\index.php on line 71
[15-Jan-2026 09:23:32 UTC] PHP Warning:  Undefined variable $prix in C:\wamp64\www\exo_form_php\index.php on line 72
[15-Jan-2026 09:29:23 UTC] PHP Warning:  Undefined variable $choixViandes in C:\wamp64\www\exo_form_php\index.php on line 9
[15-Jan-2026 09:29:23 UTC] PHP Warning:  foreach() argument must be of type array|object, null given in C:\wamp64\www\exo_form_php\index.php on line 9
[15-Jan-2026 09:29:23 UTC] PHP Warning:  Undefined variable $choixgarnitures in C:\wamp64\www\exo_form_php\index.php on line 28
[15-Jan-2026 09:29:23 UTC] PHP Warning:  foreach() argument must be of type array|object, null given in C:\wamp64\www\exo_form_php\index.php on line 28
[15-Jan-2026 09:29:23 UTC] PHP Warning:  Undefined variable $choixPains in C:\wamp64\www\exo_form_php\index.php on line 52
[15-Jan-2026 09:29:23 UTC] PHP Warning:  Undefined variable $nom in C:\wamp64\www\exo_form_php\index.php on line 52
[15-Jan-2026 09:29:23 UTC] PHP Warning:  Undefined variable $prix in C:\wamp64\www\exo_form_php\index.php on line 53
[15-Jan-2026 09:29:23 UTC] PHP Warning:  Undefined variable $choixSauces in C:\wamp64\www\exo_form_php\index.php on line 71
[15-Jan-2026 09:29:23 UTC] PHP Warning:  Undefined variable $prix in C:\wamp64\www\exo_form_php\index.php on line 72
[15-Jan-2026 09:57:16 UTC] PHP Warning:  Undefined variable $choixViandes in C:\wamp64\www\exo_form_php\index.php on line 9
[15-Jan-2026 09:57:16 UTC] PHP Warning:  foreach() argument must be of type array|object, null given in C:\wamp64\www\exo_form_php\index.php on line 9
[15-Jan-2026 09:57:16 UTC] PHP Warning:  Undefined variable $choixGarnitures in C:\wamp64\www\exo_form_php\index.php on line 28
[15-Jan-2026 09:57:16 UTC] PHP Warning:  foreach() argument must be of type array|object, null given in C:\wamp64\www\exo_form_php\index.php on line 28
[15-Jan-2026 09:57:16 UTC] PHP Warning:  Undefined variable $choixPains in C:\wamp64\www\exo_form_php\index.php on line 52
[15-Jan-2026 09:57:16 UTC] PHP Warning:  Undefined variable $nom in C:\wamp64\www\exo_form_php\index.php on line 52
[15-Jan-2026 09:57:16 UTC] PHP Warning:  Undefined variable $prix in C:\wamp64\www\exo_form_php\index.php on line 53
[15-Jan-2026 09:57:16 UTC] PHP Warning:  Undefined variable $choixSauces in C:\wamp64\www\exo_form_php\index.php on line 71
[15-Jan-2026 09:57:16 UTC] PHP Warning:  Undefined variable $prix in C:\wamp64\www\exo_form_php\index.php on line 72
[15-Jan-2026 13:08:36 UTC] PHP Parse error:  syntax error, unexpected end of file in C:\wamp64\www\exo_form_php\index.php on line 75
[15-Jan-2026 13:14:45 UTC] PHP Warning:  Undefined array key "REQUEST_METHOD" in C:\wamp64\www\exo_form_php\fonctions.php on line 7
[15-Jan-2026 15:58:26 UTC] PHP Warning:  proc_open(): Command conversion failed in C:\wamp64\scripts\wampserver.lib.php on line 1247
[15-Jan-2026 15:58:26 UTC] PHP Warning:  Trying to access array offset on null in C:\wamp64\scripts\wampserver.lib.php on line 1249
[15-Jan-2026 15:58:26 UTC] PHP Fatal error:  Uncaught TypeError: feof(): Argument #1 ($stream) must be of type resource, null given in C:\wamp64\scripts\wampserver.lib.php:1249
Stack trace:
#0 C:\wamp64\scripts\wampserver.lib.php(1249): feof(NULL)
#1 C:\wamp64\scripts\wampserver.lib.php(1642): proc_open_output('c:/wamp64/bin/p...')
#2 C:\wamp64\www\index.php(166): GetPhpLoadedExtensions('8.5.0', 6)
#3 {main}
  thrown in C:\wamp64\scripts\wampserver.lib.php on line 1249
[16-Jan-2026 07:43:50 UTC] PHP Warning:  proc_open(): Command conversion failed in C:\wamp64\scripts\wampserver.lib.php on line 1247
[16-Jan-2026 07:43:50 UTC] PHP Warning:  Trying to access array offset on null in C:\wamp64\scripts\wampserver.lib.php on line 1249
[16-Jan-2026 07:43:50 UTC] PHP Fatal error:  Uncaught TypeError: feof(): Argument #1 ($stream) must be of type resource, null given in C:\wamp64\scripts\wampserver.lib.php:1249
Stack trace:
#0 C:\wamp64\scripts\wampserver.lib.php(1249): feof(NULL)
#1 C:\wamp64\scripts\wampserver.lib.php(1642): proc_open_output('c:/wamp64/bin/p...')
#2 C:\wamp64\www\index.php(166): GetPhpLoadedExtensions('8.5.0', 6)
#3 {main}
  thrown in C:\wamp64\scripts\wampserver.lib.php on line 1249
[16-Jan-2026 08:52:51 UTC] PHP Warning:  Undefined variable $ingredients in C:\wamp64\www\SiteDWWM\connecter.php on line 23
[16-Jan-2026 08:52:51 UTC] PHP Warning:  foreach() argument must be of type array|object, null given in C:\wamp64\www\SiteDWWM\connecter.php on line 23
[16-Jan-2026 08:52:51 UTC] PHP Warning:  Undefined variable $total in C:\wamp64\www\SiteDWWM\connecter.php on line 30
[16-Jan-2026 08:52:51 UTC] PHP Deprecated:  number_format(): Passing null to parameter #1 ($num) of type float is deprecated in C:\wamp64\www\SiteDWWM\connecter.php on line 30
[19-Jan-2026 10:53:20 UTC] PHP Warning:  proc_open(): Command conversion failed in C:\wamp64\scripts\wampserver.lib.php on line 1247
[19-Jan-2026 10:53:20 UTC] PHP Warning:  Trying to access array offset on null in C:\wamp64\scripts\wampserver.lib.php on line 1249
[19-Jan-2026 10:53:20 UTC] PHP Fatal error:  Uncaught TypeError: feof(): Argument #1 ($stream) must be of type resource, null given in C:\wamp64\scripts\wampserver.lib.php:1249
Stack trace:
#0 C:\wamp64\scripts\wampserver.lib.php(1249): feof(NULL)
#1 C:\wamp64\scripts\wampserver.lib.php(1642): proc_open_output('c:/wamp64/bin/p...')
#2 C:\wamp64\www\index.php(166): GetPhpLoadedExtensions('8.5.0', 6)
#3 {main}
  thrown in C:\wamp64\scripts\wampserver.lib.php on line 1249
[19-Jan-2026 10:57:12 UTC] PHP Warning:  proc_open(): Command conversion failed in C:\wamp64\scripts\wampserver.lib.php on line 1247
[19-Jan-2026 10:57:12 UTC] PHP Warning:  Trying to access array offset on null in C:\wamp64\scripts\wampserver.lib.php on line 1249
[19-Jan-2026 10:57:12 UTC] PHP Fatal error:  Uncaught TypeError: feof(): Argument #1 ($stream) must be of type resource, null given in C:\wamp64\scripts\wampserver.lib.php:1249
Stack trace:
#0 C:\wamp64\scripts\wampserver.lib.php(1249): feof(NULL)
#1 C:\wamp64\scripts\wampserver.lib.php(1642): proc_open_output('c:/wamp64/bin/p...')
#2 C:\wamp64\www\index.php(166): GetPhpLoadedExtensions('8.5.0', 6)
#3 {main}
  thrown in C:\wamp64\scripts\wampserver.lib.php on line 1249
[20-Jan-2026 13:36:03 UTC] PHP Deprecated:  Voiture::__construct(): Optional parameter $capaciteDuReservoir declared before required parameter $nombreDePlace is implicitly treated as a required parameter in C:\wamp64\www\SiteDWWM\Voiture\voiture.php on line 17
[20-Jan-2026 13:36:03 UTC] PHP Warning:  Undefined variable $message in C:\wamp64\www\SiteDWWM\Voiture\script.php on line 10
[20-Jan-2026 13:50:53 UTC] PHP Warning:  Undefined variable $message in C:\wamp64\www\SiteDWWM\Voiture\script.php on line 9
[20-Jan-2026 15:02:31 UTC] PHP Warning:  Undefined variable $distance in C:\wamp64\www\SiteDWWM\Voiture\script.php on line 45
[20-Jan-2026 15:02:31 UTC] PHP Warning:  Undefined variable $vitesse in C:\wamp64\www\SiteDWWM\Voiture\script.php on line 45
[21-Jan-2026 09:18:51 UTC] PHP Warning:  Undefined variable $distance in C:\wamp64\www\SiteDWWM\Voiture\script.php on line 49
[21-Jan-2026 09:18:51 UTC] PHP Warning:  Undefined variable $vitesse in C:\wamp64\www\SiteDWWM\Voiture\script.php on line 49
[21-Jan-2026 09:18:51 UTC] PHP Fatal error:  Uncaught TypeError: Voiture::se_deplacer(): Argument #1 ($distance) must be of type int, null given, called in C:\wamp64\www\SiteDWWM\Voiture\script.php on line 49 and defined in C:\wamp64\www\SiteDWWM\Voiture\voiture.php:115
Stack trace:
#0 C:\wamp64\www\SiteDWWM\Voiture\script.php(49): Voiture->se_deplacer(NULL, NULL)
#1 {main}
  thrown in C:\wamp64\www\SiteDWWM\Voiture\voiture.php on line 115
[21-Jan-2026 10:44:15 UTC] PHP Fatal error:  Uncaught Error: Class "Personne" not found in C:\wamp64\www\SiteDWWM\Voiture\script.php:32
Stack trace:
#0 {main}
  thrown in C:\wamp64\www\SiteDWWM\Voiture\script.php on line 32
[21-Jan-2026 10:48:44 UTC] PHP Fatal error:  Uncaught Error: Class "Personne" not found in C:\wamp64\www\SiteDWWM\Voiture\script.php:32
Stack trace:
#0 {main}
  thrown in C:\wamp64\www\SiteDWWM\Voiture\script.php on line 32
[21-Jan-2026 10:53:54 UTC] PHP Fatal error:  Uncaught Error: Class "Personne" not found in C:\wamp64\www\SiteDWWM\Voiture\script.php:32
Stack trace:
#0 {main}
  thrown in C:\wamp64\www\SiteDWWM\Voiture\script.php on line 32
[21-Jan-2026 10:54:54 UTC] PHP Fatal error:  Uncaught Error: Class "Personne" not found in C:\wamp64\www\SiteDWWM\Voiture\script.php:32
Stack trace:
#0 {main}
  thrown in C:\wamp64\www\SiteDWWM\Voiture\script.php on line 32
[21-Jan-2026 10:55:01 UTC] PHP Fatal error:  Uncaught Error: Class "Personne" not found in C:\wamp64\www\SiteDWWM\Voiture\script.php:32
Stack trace:
#0 {main}
  thrown in C:\wamp64\www\SiteDWWM\Voiture\script.php on line 32
[21-Jan-2026 10:55:05 UTC] PHP Fatal error:  Uncaught Error: Class "Personne" not found in C:\wamp64\www\SiteDWWM\Voiture\script.php:32
Stack trace:
#0 {main}
  thrown in C:\wamp64\www\SiteDWWM\Voiture\script.php on line 32
[21-Jan-2026 10:57:43 UTC] PHP Fatal error:  Uncaught Error: Class "Personne" not found in C:\wamp64\www\SiteDWWM\Voiture\script.php:32
Stack trace:
#0 {main}
  thrown in C:\wamp64\www\SiteDWWM\Voiture\script.php on line 32
[21-Jan-2026 10:58:53 UTC] PHP Fatal error:  Uncaught Error: Class "Personne" not found in C:\wamp64\www\SiteDWWM\Voiture\script.php:32
Stack trace:
#0 {main}
  thrown in C:\wamp64\www\SiteDWWM\Voiture\script.php on line 32
[22-Jan-2026 08:02:27 UTC] PHP Deprecated:  Constant PDO::MYSQL_ATTR_INIT_COMMAND is deprecated since 8.5, use Pdo\Mysql::ATTR_INIT_COMMAND instead in C:\wamp64\www\SiteDWWM\exo_PDO\index.php on line 8
[22-Jan-2026 08:04:32 UTC] PHP Deprecated:  Constant PDO::MYSQL_ATTR_INIT_COMMAND is deprecated since 8.5, use Pdo\Mysql::ATTR_INIT_COMMAND instead in C:\wamp64\www\SiteDWWM\exo_PDO\index.php on line 8
[22-Jan-2026 08:29:09 UTC] PHP Deprecated:  Constant PDO::MYSQL_ATTR_INIT_COMMAND is deprecated since 8.5, use Pdo\Mysql::ATTR_INIT_COMMAND instead in C:\wamp64\www\SiteDWWM\exo_PDO\index.php on line 8
[22-Jan-2026 09:23:26 UTC] PHP Deprecated:  Constant PDO::MYSQL_ATTR_INIT_COMMAND is deprecated since 8.5, use Pdo\Mysql::ATTR_INIT_COMMAND instead in C:\wamp64\www\SiteDWWM\exo_PDO\index.php on line 11
[22-Jan-2026 09:23:30 UTC] PHP Warning:  Undefined variable $pdo in C:\wamp64\www\SiteDWWM\exo_PDO\index.php on line 20
[22-Jan-2026 09:23:30 UTC] PHP Fatal error:  Uncaught Error: Call to a member function prepare() on null in C:\wamp64\www\SiteDWWM\exo_PDO\index.php:20
Stack trace:
#0 {main}
  thrown in C:\wamp64\www\SiteDWWM\exo_PDO\index.php on line 20
[22-Jan-2026 09:48:00 UTC] PHP Warning:  Undefined variable $user in C:\wamp64\www\SiteDWWM\login.php on line 15
[22-Jan-2026 09:54:13 UTC] PHP Warning:  Undefined variable $user in C:\wamp64\www\SiteDWWM\login.php on line 15
[22-Jan-2026 10:37:53 UTC] PHP Warning:  Undefined variable $pdo in C:\wamp64\www\SiteDWWM\exo_PDO\pdo.php on line 18
[22-Jan-2026 10:37:53 UTC] PHP Fatal error:  Uncaught Error: Call to a member function prepare() on null in C:\wamp64\www\SiteDWWM\exo_PDO\pdo.php:18
Stack trace:
#0 C:\wamp64\www\SiteDWWM\login.php(16): include()
#1 {main}
  thrown in C:\wamp64\www\SiteDWWM\exo_PDO\pdo.php on line 18
[22-Jan-2026 10:50:47 UTC] PHP Warning:  Undefined variable $pdo in C:\wamp64\www\SiteDWWM\exo_PDO\pdo.php on line 18
[22-Jan-2026 10:50:47 UTC] PHP Fatal error:  Uncaught Error: Call to a member function prepare() on null in C:\wamp64\www\SiteDWWM\exo_PDO\pdo.php:18
Stack trace:
#0 C:\wamp64\www\SiteDWWM\login.php(16): include()
#1 {main}
  thrown in C:\wamp64\www\SiteDWWM\exo_PDO\pdo.php on line 18
[22-Jan-2026 12:34:57 UTC] PHP Warning:  Undefined variable $pdo in C:\wamp64\www\SiteDWWM\exo_PDO\pdo.php on line 18
[22-Jan-2026 12:34:57 UTC] PHP Fatal error:  Uncaught Error: Call to a member function prepare() on null in C:\wamp64\www\SiteDWWM\exo_PDO\pdo.php:18
Stack trace:
#0 C:\wamp64\www\SiteDWWM\login.php(16): include()
#1 {main}
  thrown in C:\wamp64\www\SiteDWWM\exo_PDO\pdo.php on line 18
[22-Jan-2026 14:02:52 UTC] PHP Warning:  Undefined variable $pdo in C:\wamp64\www\SiteDWWM\exo_PDO\pdo.php on line 15
[22-Jan-2026 14:02:52 UTC] PHP Fatal error:  Uncaught Error: Call to a member function prepare() on null in C:\wamp64\www\SiteDWWM\exo_PDO\pdo.php:15
Stack trace:
#0 C:\wamp64\www\SiteDWWM\inscription.php(3): include()
#1 {main}
  thrown in C:\wamp64\www\SiteDWWM\exo_PDO\pdo.php on line 15
[22-Jan-2026 14:03:01 UTC] PHP Warning:  Undefined variable $pdo in C:\wamp64\www\SiteDWWM\exo_PDO\pdo.php on line 15
[22-Jan-2026 14:03:01 UTC] PHP Fatal error:  Uncaught Error: Call to a member function prepare() on null in C:\wamp64\www\SiteDWWM\exo_PDO\pdo.php:15
Stack trace:
#0 C:\wamp64\www\SiteDWWM\inscription.php(3): include()
#1 {main}
  thrown in C:\wamp64\www\SiteDWWM\exo_PDO\pdo.php on line 15
[22-Jan-2026 14:05:47 UTC] PHP Warning:  Undefined variable $pdo in C:\wamp64\www\SiteDWWM\exo_PDO\pdo.php on line 15
[22-Jan-2026 14:05:47 UTC] PHP Fatal error:  Uncaught Error: Call to a member function prepare() on null in C:\wamp64\www\SiteDWWM\exo_PDO\pdo.php:15
Stack trace:
#0 C:\wamp64\www\SiteDWWM\inscription.php(4): include_once()
#1 {main}
  thrown in C:\wamp64\www\SiteDWWM\exo_PDO\pdo.php on line 15
[22-Jan-2026 14:06:28 UTC] PHP Warning:  Undefined variable $pdo in C:\wamp64\www\SiteDWWM\exo_PDO\pdo.php on line 15
[22-Jan-2026 14:06:28 UTC] PHP Fatal error:  Uncaught Error: Call to a member function prepare() on null in C:\wamp64\www\SiteDWWM\exo_PDO\pdo.php:15
Stack trace:
#0 C:\wamp64\www\SiteDWWM\inscription.php(4): include_once()
#1 {main}
  thrown in C:\wamp64\www\SiteDWWM\exo_PDO\pdo.php on line 15
[22-Jan-2026 14:21:22 UTC] PHP Warning:  proc_open(): Command conversion failed in C:\wamp64\scripts\wampserver.lib.php on line 1247
[22-Jan-2026 14:21:22 UTC] PHP Warning:  Trying to access array offset on null in C:\wamp64\scripts\wampserver.lib.php on line 1249
[22-Jan-2026 14:21:22 UTC] PHP Fatal error:  Uncaught TypeError: feof(): Argument #1 ($stream) must be of type resource, null given in C:\wamp64\scripts\wampserver.lib.php:1249
Stack trace:
#0 C:\wamp64\scripts\wampserver.lib.php(1249): feof(NULL)
#1 C:\wamp64\scripts\wampserver.lib.php(1642): proc_open_output('c:/wamp64/bin/p...')
#2 C:\wamp64\www\index.php(166): GetPhpLoadedExtensions('8.5.0', 6)
#3 {main}
  thrown in C:\wamp64\scripts\wampserver.lib.php on line 1249
[22-Jan-2026 14:21:49 UTC] PHP Warning:  proc_open(): Command conversion failed in C:\wamp64\scripts\wampserver.lib.php on line 1247
[22-Jan-2026 14:21:49 UTC] PHP Warning:  Trying to access array offset on null in C:\wamp64\scripts\wampserver.lib.php on line 1249
[22-Jan-2026 14:21:49 UTC] PHP Fatal error:  Uncaught TypeError: feof(): Argument #1 ($stream) must be of type resource, null given in C:\wamp64\scripts\wampserver.lib.php:1249
Stack trace:
#0 C:\wamp64\scripts\wampserver.lib.php(1249): feof(NULL)
#1 C:\wamp64\scripts\wampserver.lib.php(1642): proc_open_output('c:/wamp64/bin/p...')
#2 C:\wamp64\www\index.php(166): GetPhpLoadedExtensions('8.5.0', 6)
#3 {main}
  thrown in C:\wamp64\scripts\wampserver.lib.php on line 1249
[26-Jan-2026 13:42:57 UTC] PHP Warning:  proc_open(): Command conversion failed in C:\wamp64\scripts\wampserver.lib.php on line 1247
[26-Jan-2026 13:42:57 UTC] PHP Warning:  Trying to access array offset on null in C:\wamp64\scripts\wampserver.lib.php on line 1249
[26-Jan-2026 13:42:57 UTC] PHP Fatal error:  Uncaught TypeError: feof(): Argument #1 ($stream) must be of type resource, null given in C:\wamp64\scripts\wampserver.lib.php:1249
Stack trace:
#0 C:\wamp64\scripts\wampserver.lib.php(1249): feof(NULL)
#1 C:\wamp64\scripts\wampserver.lib.php(1642): proc_open_output('c:/wamp64/bin/p...')
#2 C:\wamp64\www\index.php(166): GetPhpLoadedExtensions('8.5.0', 6)
#3 {main}
  thrown in C:\wamp64\scripts\wampserver.lib.php on line 1249
[26-Jan-2026 13:46:13 UTC] PHP Warning:  Undefined variable $pdo in C:\wamp64\www\SiteDWWM\exo_PDO\pdo.php on line 16
[26-Jan-2026 13:46:13 UTC] PHP Fatal error:  Uncaught Error: Call to a member function prepare() on null in C:\wamp64\www\SiteDWWM\exo_PDO\pdo.php:16
Stack trace:
#0 C:\wamp64\www\SiteDWWM\inscription.php(4): include_once()
#1 {main}
  thrown in C:\wamp64\www\SiteDWWM\exo_PDO\pdo.php on line 16
[04-May-2026 09:16:39 UTC] PHP Warning:  proc_open(): Command conversion failed in C:\wamp64\scripts\wampserver.lib.php on line 1247
[04-May-2026 09:16:39 UTC] PHP Warning:  Trying to access array offset on null in C:\wamp64\scripts\wampserver.lib.php on line 1249
[04-May-2026 09:16:39 UTC] PHP Fatal error:  Uncaught TypeError: feof(): Argument #1 ($stream) must be of type resource, null given in C:\wamp64\scripts\wampserver.lib.php:1249
Stack trace:
#0 C:\wamp64\scripts\wampserver.lib.php(1249): feof(NULL)
#1 C:\wamp64\scripts\wampserver.lib.php(1642): proc_open_output('c:/wamp64/bin/p...')
#2 C:\wamp64\www\index.php(166): GetPhpLoadedExtensions('8.5.0', 6)
#3 {main}
  thrown in C:\wamp64\scripts\wampserver.lib.php on line 1249
[05-May-2026 10:53:17 UTC] Mail error: SMTP Error: Could not connect to SMTP host. Failed to connect to server
[05-May-2026 10:53:24 UTC] Mail error: SMTP Error: Could not connect to SMTP host. Failed to connect to server
[05-May-2026 10:54:30 UTC] Mail error: SMTP Error: Could not connect to SMTP host. Failed to connect to server
[05-May-2026 12:08:20 UTC] PHP Fatal error:  Uncaught mysqli_sql_exception: Commands out of sync; you can't run this command now in C:\wamp64\www\appli_golf\reservations_traitement.php:108
Stack trace:
#0 C:\wamp64\www\appli_golf\reservations_traitement.php(108): mysqli_stmt->fetch()
#1 {main}
  thrown in C:\wamp64\www\appli_golf\reservations_traitement.php on line 108
[05-May-2026 12:08:32 UTC] PHP Fatal error:  Uncaught mysqli_sql_exception: Champ 'user_id' inconnu dans where clause in C:\wamp64\www\appli_golf\update_reservations.php:73
Stack trace:
#0 C:\wamp64\www\appli_golf\update_reservations.php(73): mysqli->prepare('UPDATE reservat...')
#1 {main}
  thrown in C:\wamp64\www\appli_golf\update_reservations.php on line 73
[05-May-2026 12:09:51 UTC] Mail error: SMTP Error: Could not connect to SMTP host. Failed to connect to server
[05-May-2026 12:09:59 UTC] Mail error: SMTP Error: Could not connect to SMTP host. Failed to connect to server
[05-May-2026 12:14:00 UTC] Mail error: SMTP Error: Could not connect to SMTP host. Failed to connect to server
[05-May-2026 12:14:10 UTC] Mail error: SMTP Error: Could not connect to SMTP host. Failed to connect to server
[05-May-2026 12:26:38 UTC] Mail error: SMTP Error: Could not connect to SMTP host. Failed to connect to server
[05-May-2026 12:31:42 UTC] Mail error: SMTP Error: Could not connect to SMTP host. Failed to connect to server
[05-May-2026 12:36:01 UTC] Mail error: SMTP Error: Could not connect to SMTP host. Failed to connect to server SMTP server error: Failed to connect to server SMTP code: 10060 Additional SMTP info: Une tentative de connexion a échoué car le parti connecté n’a pas répondu convenablement au-delà d’une certaine durée ou une connexion établie a échoué car l’hôte de connexion n’a pas répondu
[05-May-2026 12:36:45 UTC] Mail error: SMTP Error: Could not connect to SMTP host. Failed to connect to server SMTP server error: Failed to connect to server SMTP code: 10060 Additional SMTP info: Une tentative de connexion a échoué car le parti connecté n’a pas répondu convenablement au-delà d’une certaine durée ou une connexion établie a échoué car l’hôte de connexion n’a pas répondu
[06-May-2026 08:47:18 UTC] PHP Fatal error:  Uncaught mysqli_sql_exception: Champ 'user_id' inconnu dans where clause in C:\wamp64\www\appli_golf\get_reservations.php:31
Stack trace:
#0 C:\wamp64\www\appli_golf\get_reservations.php(31): mysqli->prepare('SELECT id, nom,...')
#1 {main}
  thrown in C:\wamp64\www\appli_golf\get_reservations.php on line 31
[06-May-2026 08:47:31 UTC] PHP Fatal error:  Uncaught mysqli_sql_exception: Champ 'user_id' inconnu dans field list in C:\wamp64\www\appli_golf\reservations_traitement.php:124
Stack trace:
#0 C:\wamp64\www\appli_golf\reservations_traitement.php(124): mysqli->prepare('INSERT INTO res...')
#1 {main}
  thrown in C:\wamp64\www\appli_golf\reservations_traitement.php on line 124
[06-May-2026 08:47:42 UTC] PHP Fatal error:  Uncaught mysqli_sql_exception: Champ 'user_id' inconnu dans where clause in C:\wamp64\www\appli_golf\get_reservations.php:31
Stack trace:
#0 C:\wamp64\www\appli_golf\get_reservations.php(31): mysqli->prepare('SELECT id, nom,...')
#1 {main}
  thrown in C:\wamp64\www\appli_golf\get_reservations.php on line 31
[06-May-2026 08:47:44 UTC] PHP Fatal error:  Uncaught mysqli_sql_exception: Champ 'user_id' inconnu dans field list in C:\wamp64\www\appli_golf\reservations_traitement.php:124
Stack trace:
#0 C:\wamp64\www\appli_golf\reservations_traitement.php(124): mysqli->prepare('INSERT INTO res...')
#1 {main}
  thrown in C:\wamp64\www\appli_golf\reservations_traitement.php on line 124
[06-May-2026 08:49:46 UTC] PHP Fatal error:  Uncaught mysqli_sql_exception: Champ 'user_id' inconnu dans where clause in C:\wamp64\www\appli_golf\get_reservations.php:31
Stack trace:
#0 C:\wamp64\www\appli_golf\get_reservations.php(31): mysqli->prepare('SELECT id, nom,...')
#1 {main}
  thrown in C:\wamp64\www\appli_golf\get_reservations.php on line 31
[06-May-2026 08:50:35 UTC] PHP Fatal error:  Uncaught mysqli_sql_exception: Champ 'user_id' inconnu dans where clause in C:\wamp64\www\appli_golf\get_reservations.php:31
Stack trace:
#0 C:\wamp64\www\appli_golf\get_reservations.php(31): mysqli->prepare('SELECT id, nom,...')
#1 {main}
  thrown in C:\wamp64\www\appli_golf\get_reservations.php on line 31
[06-May-2026 08:50:42 UTC] PHP Fatal error:  Uncaught mysqli_sql_exception: Champ 'user_id' inconnu dans where clause in C:\wamp64\www\appli_golf\get_reservations.php:31
Stack trace:
#0 C:\wamp64\www\appli_golf\get_reservations.php(31): mysqli->prepare('SELECT id, nom,...')
#1 {main}
  thrown in C:\wamp64\www\appli_golf\get_reservations.php on line 31
[06-May-2026 08:50:45 UTC] PHP Fatal error:  Uncaught mysqli_sql_exception: Champ 'user_id' inconnu dans where clause in C:\wamp64\www\appli_golf\get_reservations.php:31
Stack trace:
#0 C:\wamp64\www\appli_golf\get_reservations.php(31): mysqli->prepare('SELECT id, nom,...')
#1 {main}
  thrown in C:\wamp64\www\appli_golf\get_reservations.php on line 31
[06-May-2026 08:50:46 UTC] PHP Fatal error:  Uncaught mysqli_sql_exception: Champ 'user_id' inconnu dans where clause in C:\wamp64\www\appli_golf\get_reservations.php:31
Stack trace:
#0 C:\wamp64\www\appli_golf\get_reservations.php(31): mysqli->prepare('SELECT id, nom,...')
#1 {main}
  thrown in C:\wamp64\www\appli_golf\get_reservations.php on line 31
[06-May-2026 08:50:59 UTC] PHP Fatal error:  Uncaught mysqli_sql_exception: Champ 'user_id' inconnu dans where clause in C:\wamp64\www\appli_golf\get_reservations.php:31
Stack trace:
#0 C:\wamp64\www\appli_golf\get_reservations.php(31): mysqli->prepare('SELECT id, nom,...')
#1 {main}
  thrown in C:\wamp64\www\appli_golf\get_reservations.php on line 31
[06-May-2026 08:51:00 UTC] PHP Fatal error:  Uncaught mysqli_sql_exception: Champ 'user_id' inconnu dans where clause in C:\wamp64\www\appli_golf\get_reservations.php:31
Stack trace:
#0 C:\wamp64\www\appli_golf\get_reservations.php(31): mysqli->prepare('SELECT id, nom,...')
#1 {main}
  thrown in C:\wamp64\www\appli_golf\get_reservations.php on line 31
[06-May-2026 08:51:01 UTC] PHP Fatal error:  Uncaught mysqli_sql_exception: Champ 'user_id' inconnu dans where clause in C:\wamp64\www\appli_golf\get_reservations.php:31
Stack trace:
#0 C:\wamp64\www\appli_golf\get_reservations.php(31): mysqli->prepare('SELECT id, nom,...')
#1 {main}
  thrown in C:\wamp64\www\appli_golf\get_reservations.php on line 31
[06-May-2026 08:51:03 UTC] PHP Fatal error:  Uncaught mysqli_sql_exception: Champ 'user_id' inconnu dans where clause in C:\wamp64\www\appli_golf\get_reservations.php:31
Stack trace:
#0 C:\wamp64\www\appli_golf\get_reservations.php(31): mysqli->prepare('SELECT id, nom,...')
#1 {main}
  thrown in C:\wamp64\www\appli_golf\get_reservations.php on line 31
[06-May-2026 08:51:03 UTC] PHP Fatal error:  Uncaught mysqli_sql_exception: Champ 'user_id' inconnu dans where clause in C:\wamp64\www\appli_golf\get_reservations.php:31
Stack trace:
#0 C:\wamp64\www\appli_golf\get_reservations.php(31): mysqli->prepare('SELECT id, nom,...')
#1 {main}
  thrown in C:\wamp64\www\appli_golf\get_reservations.php on line 31
[06-May-2026 08:51:04 UTC] PHP Fatal error:  Uncaught mysqli_sql_exception: Champ 'user_id' inconnu dans where clause in C:\wamp64\www\appli_golf\get_reservations.php:31
Stack trace:
#0 C:\wamp64\www\appli_golf\get_reservations.php(31): mysqli->prepare('SELECT id, nom,...')
#1 {main}
  thrown in C:\wamp64\www\appli_golf\get_reservations.php on line 31
[06-May-2026 08:53:37 UTC] PHP Fatal error:  Uncaught mysqli_sql_exception: Champ 'user_id' inconnu dans where clause in C:\wamp64\www\appli_golf\get_reservations.php:31
Stack trace:
#0 C:\wamp64\www\appli_golf\get_reservations.php(31): mysqli->prepare('SELECT id, nom,...')
#1 {main}
  thrown in C:\wamp64\www\appli_golf\get_reservations.php on line 31
[06-May-2026 08:54:10 UTC] PHP Fatal error:  Uncaught mysqli_sql_exception: Champ 'user_id' inconnu dans where clause in C:\wamp64\www\appli_golf\get_reservations.php:31
Stack trace:
#0 C:\wamp64\www\appli_golf\get_reservations.php(31): mysqli->prepare('SELECT id, nom,...')
#1 {main}
  thrown in C:\wamp64\www\appli_golf\get_reservations.php on line 31
[06-May-2026 08:54:14 UTC] PHP Fatal error:  Uncaught mysqli_sql_exception: Champ 'user_id' inconnu dans where clause in C:\wamp64\www\appli_golf\get_reservations.php:31
Stack trace:
#0 C:\wamp64\www\appli_golf\get_reservations.php(31): mysqli->prepare('SELECT id, nom,...')
#1 {main}
  thrown in C:\wamp64\www\appli_golf\get_reservations.php on line 31
[06-May-2026 08:54:16 UTC] PHP Fatal error:  Uncaught mysqli_sql_exception: Champ 'user_id' inconnu dans where clause in C:\wamp64\www\appli_golf\get_reservations.php:31
Stack trace:
#0 C:\wamp64\www\appli_golf\get_reservations.php(31): mysqli->prepare('SELECT id, nom,...')
#1 {main}
  thrown in C:\wamp64\www\appli_golf\get_reservations.php on line 31
[06-May-2026 08:54:17 UTC] PHP Fatal error:  Uncaught mysqli_sql_exception: Champ 'user_id' inconnu dans where clause in C:\wamp64\www\appli_golf\get_reservations.php:31
Stack trace:
#0 C:\wamp64\www\appli_golf\get_reservations.php(31): mysqli->prepare('SELECT id, nom,...')
#1 {main}
  thrown in C:\wamp64\www\appli_golf\get_reservations.php on line 31
[06-May-2026 08:54:18 UTC] PHP Fatal error:  Uncaught mysqli_sql_exception: Champ 'user_id' inconnu dans where clause in C:\wamp64\www\appli_golf\get_reservations.php:31
Stack trace:
#0 C:\wamp64\www\appli_golf\get_reservations.php(31): mysqli->prepare('SELECT id, nom,...')
#1 {main}
  thrown in C:\wamp64\www\appli_golf\get_reservations.php on line 31
[06-May-2026 08:54:20 UTC] PHP Fatal error:  Uncaught mysqli_sql_exception: Champ 'user_id' inconnu dans where clause in C:\wamp64\www\appli_golf\get_reservations.php:31
Stack trace:
#0 C:\wamp64\www\appli_golf\get_reservations.php(31): mysqli->prepare('SELECT id, nom,...')
#1 {main}
  thrown in C:\wamp64\www\appli_golf\get_reservations.php on line 31
[06-May-2026 08:54:22 UTC] PHP Fatal error:  Uncaught mysqli_sql_exception: Champ 'user_id' inconnu dans where clause in C:\wamp64\www\appli_golf\get_reservations.php:31
Stack trace:
#0 C:\wamp64\www\appli_golf\get_reservations.php(31): mysqli->prepare('SELECT id, nom,...')
#1 {main}
  thrown in C:\wamp64\www\appli_golf\get_reservations.php on line 31
[06-May-2026 08:54:23 UTC] PHP Fatal error:  Uncaught mysqli_sql_exception: Champ 'user_id' inconnu dans where clause in C:\wamp64\www\appli_golf\get_reservations.php:31
Stack trace:
#0 C:\wamp64\www\appli_golf\get_reservations.php(31): mysqli->prepare('SELECT id, nom,...')
#1 {main}
  thrown in C:\wamp64\www\appli_golf\get_reservations.php on line 31
[06-May-2026 08:54:25 UTC] PHP Fatal error:  Uncaught mysqli_sql_exception: Champ 'user_id' inconnu dans where clause in C:\wamp64\www\appli_golf\get_reservations.php:31
Stack trace:
#0 C:\wamp64\www\appli_golf\get_reservations.php(31): mysqli->prepare('SELECT id, nom,...')
#1 {main}
  thrown in C:\wamp64\www\appli_golf\get_reservations.php on line 31
[06-May-2026 08:55:33 UTC] PHP Fatal error:  Uncaught mysqli_sql_exception: Champ 'user_id' inconnu dans where clause in C:\wamp64\www\appli_golf\get_reservations.php:31
Stack trace:
#0 C:\wamp64\www\appli_golf\get_reservations.php(31): mysqli->prepare('SELECT id, nom,...')
#1 {main}
  thrown in C:\wamp64\www\appli_golf\get_reservations.php on line 31
[06-May-2026 08:55:39 UTC] PHP Fatal error:  Uncaught mysqli_sql_exception: Champ 'user_id' inconnu dans where clause in C:\wamp64\www\appli_golf\get_reservations.php:31
Stack trace:
#0 C:\wamp64\www\appli_golf\get_reservations.php(31): mysqli->prepare('SELECT id, nom,...')
#1 {main}
  thrown in C:\wamp64\www\appli_golf\get_reservations.php on line 31
[06-May-2026 08:55:42 UTC] PHP Fatal error:  Uncaught mysqli_sql_exception: Champ 'user_id' inconnu dans where clause in C:\wamp64\www\appli_golf\get_reservations.php:31
Stack trace:
#0 C:\wamp64\www\appli_golf\get_reservations.php(31): mysqli->prepare('SELECT id, nom,...')
#1 {main}
  thrown in C:\wamp64\www\appli_golf\get_reservations.php on line 31
[06-May-2026 08:55:44 UTC] PHP Fatal error:  Uncaught mysqli_sql_exception: Champ 'user_id' inconnu dans where clause in C:\wamp64\www\appli_golf\get_reservations.php:31
Stack trace:
#0 C:\wamp64\www\appli_golf\get_reservations.php(31): mysqli->prepare('SELECT id, nom,...')
#1 {main}
  thrown in C:\wamp64\www\appli_golf\get_reservations.php on line 31
[06-May-2026 08:55:47 UTC] PHP Fatal error:  Uncaught mysqli_sql_exception: Champ 'user_id' inconnu dans where clause in C:\wamp64\www\appli_golf\get_reservations.php:31
Stack trace:
#0 C:\wamp64\www\appli_golf\get_reservations.php(31): mysqli->prepare('SELECT id, nom,...')
#1 {main}
  thrown in C:\wamp64\www\appli_golf\get_reservations.php on line 31
[06-May-2026 08:55:50 UTC] PHP Fatal error:  Uncaught mysqli_sql_exception: Champ 'user_id' inconnu dans where clause in C:\wamp64\www\appli_golf\get_reservations.php:31
Stack trace:
#0 C:\wamp64\www\appli_golf\get_reservations.php(31): mysqli->prepare('SELECT id, nom,...')
#1 {main}
  thrown in C:\wamp64\www\appli_golf\get_reservations.php on line 31
[06-May-2026 08:56:12 UTC] PHP Fatal error:  Uncaught mysqli_sql_exception: Champ 'user_id' inconnu dans where clause in C:\wamp64\www\appli_golf\get_reservations.php:31
Stack trace:
#0 C:\wamp64\www\appli_golf\get_reservations.php(31): mysqli->prepare('SELECT id, nom,...')
#1 {main}
  thrown in C:\wamp64\www\appli_golf\get_reservations.php on line 31
[06-May-2026 08:56:37 UTC] PHP Fatal error:  Uncaught mysqli_sql_exception: Champ 'user_id' inconnu dans where clause in C:\wamp64\www\appli_golf\get_reservations.php:31
Stack trace:
#0 C:\wamp64\www\appli_golf\get_reservations.php(31): mysqli->prepare('SELECT id, nom,...')
#1 {main}
  thrown in C:\wamp64\www\appli_golf\get_reservations.php on line 31
[06-May-2026 08:58:31 UTC] PHP Fatal error:  Uncaught mysqli_sql_exception: Champ 'user_id' inconnu dans where clause in C:\wamp64\www\appli_golf\get_reservations.php:31
Stack trace:
#0 C:\wamp64\www\appli_golf\get_reservations.php(31): mysqli->prepare('SELECT id, nom,...')
#1 {main}
  thrown in C:\wamp64\www\appli_golf\get_reservations.php on line 31
[06-May-2026 08:58:38 UTC] PHP Fatal error:  Uncaught mysqli_sql_exception: Champ 'user_id' inconnu dans where clause in C:\wamp64\www\appli_golf\get_reservations.php:31
Stack trace:
#0 C:\wamp64\www\appli_golf\get_reservations.php(31): mysqli->prepare('SELECT id, nom,...')
#1 {main}
  thrown in C:\wamp64\www\appli_golf\get_reservations.php on line 31
[06-May-2026 08:58:41 UTC] PHP Fatal error:  Uncaught mysqli_sql_exception: Champ 'user_id' inconnu dans where clause in C:\wamp64\www\appli_golf\get_reservations.php:31
Stack trace:
#0 C:\wamp64\www\appli_golf\get_reservations.php(31): mysqli->prepare('SELECT id, nom,...')
#1 {main}
  thrown in C:\wamp64\www\appli_golf\get_reservations.php on line 31
[06-May-2026 08:58:43 UTC] PHP Fatal error:  Uncaught mysqli_sql_exception: Champ 'user_id' inconnu dans where clause in C:\wamp64\www\appli_golf\get_reservations.php:31
Stack trace:
#0 C:\wamp64\www\appli_golf\get_reservations.php(31): mysqli->prepare('SELECT id, nom,...')
#1 {main}
  thrown in C:\wamp64\www\appli_golf\get_reservations.php on line 31
[06-May-2026 08:58:50 UTC] PHP Fatal error:  Uncaught mysqli_sql_exception: Champ 'user_id' inconnu dans where clause in C:\wamp64\www\appli_golf\get_reservations.php:31
Stack trace:
#0 C:\wamp64\www\appli_golf\get_reservations.php(31): mysqli->prepare('SELECT id, nom,...')
#1 {main}
  thrown in C:\wamp64\www\appli_golf\get_reservations.php on line 31
[06-May-2026 08:58:53 UTC] PHP Fatal error:  Uncaught mysqli_sql_exception: Champ 'user_id' inconnu dans where clause in C:\wamp64\www\appli_golf\get_reservations.php:31
Stack trace:
#0 C:\wamp64\www\appli_golf\get_reservations.php(31): mysqli->prepare('SELECT id, nom,...')
#1 {main}
  thrown in C:\wamp64\www\appli_golf\get_reservations.php on line 31
[06-May-2026 08:58:55 UTC] PHP Fatal error:  Uncaught mysqli_sql_exception: Champ 'user_id' inconnu dans where clause in C:\wamp64\www\appli_golf\get_reservations.php:31
Stack trace:
#0 C:\wamp64\www\appli_golf\get_reservations.php(31): mysqli->prepare('SELECT id, nom,...')
#1 {main}
  thrown in C:\wamp64\www\appli_golf\get_reservations.php on line 31
[06-May-2026 08:58:57 UTC] PHP Fatal error:  Uncaught mysqli_sql_exception: Champ 'user_id' inconnu dans where clause in C:\wamp64\www\appli_golf\get_reservations.php:31
Stack trace:
#0 C:\wamp64\www\appli_golf\get_reservations.php(31): mysqli->prepare('SELECT id, nom,...')
#1 {main}
  thrown in C:\wamp64\www\appli_golf\get_reservations.php on line 31
[06-May-2026 08:59:04 UTC] PHP Fatal error:  Uncaught mysqli_sql_exception: Champ 'user_id' inconnu dans where clause in C:\wamp64\www\appli_golf\get_reservations.php:31
Stack trace:
#0 C:\wamp64\www\appli_golf\get_reservations.php(31): mysqli->prepare('SELECT id, nom,...')
#1 {main}
  thrown in C:\wamp64\www\appli_golf\get_reservations.php on line 31
[06-May-2026 08:59:07 UTC] PHP Fatal error:  Uncaught mysqli_sql_exception: Champ 'user_id' inconnu dans where clause in C:\wamp64\www\appli_golf\get_reservations.php:31
Stack trace:
#0 C:\wamp64\www\appli_golf\get_reservations.php(31): mysqli->prepare('SELECT id, nom,...')
#1 {main}
  thrown in C:\wamp64\www\appli_golf\get_reservations.php on line 31
[06-May-2026 08:59:29 UTC] PHP Fatal error:  Uncaught mysqli_sql_exception: Champ 'user_id' inconnu dans where clause in C:\wamp64\www\appli_golf\get_reservations.php:31
Stack trace:
#0 C:\wamp64\www\appli_golf\get_reservations.php(31): mysqli->prepare('SELECT id, nom,...')
#1 {main}
  thrown in C:\wamp64\www\appli_golf\get_reservations.php on line 31
[06-May-2026 08:59:33 UTC] PHP Fatal error:  Uncaught mysqli_sql_exception: Champ 'user_id' inconnu dans where clause in C:\wamp64\www\appli_golf\get_reservations.php:31
Stack trace:
#0 C:\wamp64\www\appli_golf\get_reservations.php(31): mysqli->prepare('SELECT id, nom,...')
#1 {main}
  thrown in C:\wamp64\www\appli_golf\get_reservations.php on line 31
[06-May-2026 08:59:44 UTC] PHP Fatal error:  Uncaught mysqli_sql_exception: Champ 'user_id' inconnu dans where clause in C:\wamp64\www\appli_golf\get_reservations.php:31
Stack trace:
#0 C:\wamp64\www\appli_golf\get_reservations.php(31): mysqli->prepare('SELECT id, nom,...')
#1 {main}
  thrown in C:\wamp64\www\appli_golf\get_reservations.php on line 31
[06-May-2026 08:59:45 UTC] PHP Fatal error:  Uncaught mysqli_sql_exception: Champ 'user_id' inconnu dans where clause in C:\wamp64\www\appli_golf\get_reservations.php:31
Stack trace:
#0 C:\wamp64\www\appli_golf\get_reservations.php(31): mysqli->prepare('SELECT id, nom,...')
#1 {main}
  thrown in C:\wamp64\www\appli_golf\get_reservations.php on line 31
[06-May-2026 08:59:46 UTC] PHP Fatal error:  Uncaught mysqli_sql_exception: Champ 'user_id' inconnu dans where clause in C:\wamp64\www\appli_golf\get_reservations.php:31
Stack trace:
#0 C:\wamp64\www\appli_golf\get_reservations.php(31): mysqli->prepare('SELECT id, nom,...')
#1 {main}
  thrown in C:\wamp64\www\appli_golf\get_reservations.php on line 31
[06-May-2026 08:59:47 UTC] PHP Fatal error:  Uncaught mysqli_sql_exception: Champ 'user_id' inconnu dans where clause in C:\wamp64\www\appli_golf\get_reservations.php:31
Stack trace:
#0 C:\wamp64\www\appli_golf\get_reservations.php(31): mysqli->prepare('SELECT id, nom,...')
#1 {main}
  thrown in C:\wamp64\www\appli_golf\get_reservations.php on line 31
[06-May-2026 08:59:48 UTC] PHP Fatal error:  Uncaught mysqli_sql_exception: Champ 'user_id' inconnu dans where clause in C:\wamp64\www\appli_golf\get_reservations.php:31
Stack trace:
#0 C:\wamp64\www\appli_golf\get_reservations.php(31): mysqli->prepare('SELECT id, nom,...')
#1 {main}
  thrown in C:\wamp64\www\appli_golf\get_reservations.php on line 31
[06-May-2026 08:59:50 UTC] PHP Fatal error:  Uncaught mysqli_sql_exception: Champ 'user_id' inconnu dans where clause in C:\wamp64\www\appli_golf\get_reservations.php:31
Stack trace:
#0 C:\wamp64\www\appli_golf\get_reservations.php(31): mysqli->prepare('SELECT id, nom,...')
#1 {main}
  thrown in C:\wamp64\www\appli_golf\get_reservations.php on line 31
[06-May-2026 09:32:18 UTC] PHP Fatal error:  Uncaught mysqli_sql_exception: Champ 'user_id' inconnu dans where clause in C:\wamp64\www\appli_golf\get_reservations.php:31
Stack trace:
#0 C:\wamp64\www\appli_golf\get_reservations.php(31): mysqli->prepare('SELECT id, nom,...')
#1 {main}
  thrown in C:\wamp64\www\appli_golf\get_reservations.php on line 31
[06-May-2026 09:32:24 UTC] PHP Fatal error:  Uncaught mysqli_sql_exception: Champ 'user_id' inconnu dans where clause in C:\wamp64\www\appli_golf\get_reservations.php:31
Stack trace:
#0 C:\wamp64\www\appli_golf\get_reservations.php(31): mysqli->prepare('SELECT id, nom,...')
#1 {main}
  thrown in C:\wamp64\www\appli_golf\get_reservations.php on line 31
[06-May-2026 09:32:45 UTC] PHP Fatal error:  Uncaught mysqli_sql_exception: Champ 'user_id' inconnu dans where clause in C:\wamp64\www\appli_golf\get_reservations.php:31
Stack trace:
#0 C:\wamp64\www\appli_golf\get_reservations.php(31): mysqli->prepare('SELECT id, nom,...')
#1 {main}
  thrown in C:\wamp64\www\appli_golf\get_reservations.php on line 31
[06-May-2026 12:08:00 UTC] PHP Fatal error:  Uncaught mysqli_sql_exception: Champ 'user_id' inconnu dans where clause in C:\wamp64\www\appli_golf\get_reservations.php:31
Stack trace:
#0 C:\wamp64\www\appli_golf\get_reservations.php(31): mysqli->prepare('SELECT id, nom,...')
#1 {main}
  thrown in C:\wamp64\www\appli_golf\get_reservations.php on line 31
[06-May-2026 12:09:06 UTC] PHP Fatal error:  Uncaught mysqli_sql_exception: Champ 'user_id' inconnu dans where clause in C:\wamp64\www\appli_golf\get_reservations.php:31
Stack trace:
#0 C:\wamp64\www\appli_golf\get_reservations.php(31): mysqli->prepare('SELECT id, nom,...')
#1 {main}
  thrown in C:\wamp64\www\appli_golf\get_reservations.php on line 31
[06-May-2026 12:09:33 UTC] PHP Fatal error:  Uncaught mysqli_sql_exception: Champ 'user_id' inconnu dans where clause in C:\wamp64\www\appli_golf\get_reservations.php:31
Stack trace:
#0 C:\wamp64\www\appli_golf\get_reservations.php(31): mysqli->prepare('SELECT id, nom,...')
#1 {main}
  thrown in C:\wamp64\www\appli_golf\get_reservations.php on line 31
[06-May-2026 14:03:12 UTC] Mail error: SMTP Error: Could not connect to SMTP host. Failed to connect to server SMTP server error: Failed to connect to server SMTP code: 10060 Additional SMTP info: Une tentative de connexion a échoué car le parti connecté n’a pas répondu convenablement au-delà d’une certaine durée ou une connexion établie a échoué car l’hôte de connexion n’a pas répondu
[06-May-2026 14:09:11 UTC] Mail error: SMTP Error: Could not connect to SMTP host. Failed to connect to server SMTP server error: Failed to connect to server SMTP code: 10060 Additional SMTP info: Une tentative de connexion a échoué car le parti connecté n’a pas répondu convenablement au-delà d’une certaine durée ou une connexion établie a échoué car l’hôte de connexion n’a pas répondu
[06-May-2026 14:18:20 UTC] Mail error: SMTP Error: Could not connect to SMTP host. Failed to connect to server SMTP server error: Failed to connect to server SMTP code: 10060 Additional SMTP info: Une tentative de connexion a échoué car le parti connecté n’a pas répondu convenablement au-delà d’une certaine durée ou une connexion établie a échoué car l’hôte de connexion n’a pas répondu
[06-May-2026 14:34:43 UTC] Mail error details: SMTP Error: Could not connect to SMTP host. Failed to connect to server SMTP server error: Failed to connect to server SMTP code: 10060 Additional SMTP info: Une tentative de connexion a échoué car le parti connecté n’a pas répondu convenablement au-delà d’une certaine durée ou une connexion établie a échoué car l’hôte de connexion n’a pas répondu
[06-May-2026 14:34:43 UTC] SMTP Host: smtp.gmail.com
[06-May-2026 14:34:43 UTC] SMTP Port: 587
[06-May-2026 14:34:43 UTC] SMTP User: julien.e@me.com
[06-May-2026 14:43:27 UTC] Mail error details: SMTP Error: Could not connect to SMTP host. Failed to connect to server SMTP server error: Failed to connect to server SMTP code: 10060 Additional SMTP info: Une tentative de connexion a échoué car le parti connecté n’a pas répondu convenablement au-delà d’une certaine durée ou une connexion établie a échoué car l’hôte de connexion n’a pas répondu
[06-May-2026 14:43:27 UTC] SMTP Host: smtp.gmail.com
[06-May-2026 14:43:27 UTC] SMTP Port: 587
[06-May-2026 14:43:27 UTC] SMTP User: julien.eichel02@gmail.com
[06-May-2026 14:43:47 UTC] Mail error details: SMTP Error: Could not connect to SMTP host. Failed to connect to server SMTP server error: Failed to connect to server SMTP code: 10060 Additional SMTP info: Une tentative de connexion a échoué car le parti connecté n’a pas répondu convenablement au-delà d’une certaine durée ou une connexion établie a échoué car l’hôte de connexion n’a pas répondu
[06-May-2026 14:43:47 UTC] SMTP Host: smtp.gmail.com
[06-May-2026 14:43:47 UTC] SMTP Port: 587
[06-May-2026 14:43:47 UTC] SMTP User: julien.eichel02@gmail.com
